<?xml version="1.0" encoding="UTF-8"?>
<testsuite name="ru.stqa.pft.sanbox.SquareTests" tests="1" skipped="0" failures="0" errors="0" timestamp="2023-10-25T11:01:59" hostname="DESKTOP-9T4FTTD" time="0.015">
  <properties/>
  <testcase name="testArea" classname="ru.stqa.pft.sanbox.SquareTests" time="0.015"/>
  <system-out><![CDATA[]]></system-out>
  <system-err><![CDATA[]]></system-err>
</testsuite>
